Loading anaconda3/gpu/2022.10
  Loading requirement: cuda/11.8
Traceback (most recent call last):
  File "/gpfs/home/kn2347/.conda/envs/medsam/lib/python3.10/site-packages/numpy/lib/npyio.py", line 465, in load
    return pickle.load(fid, **pickle_kwargs)
_pickle.UnpicklingError: A load persistent id instruction was encountered,
but no persistent_load function was specified.

The above exception was the direct cause of the following exception:

Traceback (most recent call last):
  File "/gpfs/home/kn2347/HCP_MedSAM_project/experiment_code/5_visualize/generate_gif_viz_for_mri_stack.py", line 155, in <module>
    seg_arr = np.load(args.seg_path, allow_pickle=True)
  File "/gpfs/home/kn2347/.conda/envs/medsam/lib/python3.10/site-packages/numpy/lib/npyio.py", line 467, in load
    raise pickle.UnpicklingError(
_pickle.UnpicklingError: Failed to interpret file '/gpfs/data/luilab/karthik/MICCAI_BraTS2020_TrainingData/images/images001_slice100.png' as a pickle
